Analysis & Synthesis report for rom
Thu Jul 09 08:17:05 2020
Quartus Prime Version 18.1.0 Build 625 09/12/2018 SJ Lite Edition


---------------------
; Table of Contents ;
---------------------
  1. Legal Notice
  2. Analysis & Synthesis Summary
  3. Analysis & Synthesis Settings
  4. Parallel Compilation
  5. Analysis & Synthesis Source Files Read
  6. Analysis & Synthesis Resource Usage Summary
  7. Analysis & Synthesis Resource Utilization by Entity
  8. General Register Statistics
  9. Parameter Settings for User Entity Instance: Top-level Entity: |rom
 10. Post-Synthesis Netlist Statistics for Top Partition
 11. Elapsed Time Per Partition
 12. Analysis & Synthesis Messages



----------------
; Legal Notice ;
----------------
Copyright (C) 2018  Intel Corporation. All rights reserved.
Your use of Intel Corporation's design tools, logic functions 
and other software and tools, and its AMPP partner logic 
functions, and any output files from any of the foregoing 
(including device programming or simulation files), and any 
associated documentation or information are expressly subject 
to the terms and conditions of the Intel Program License 
Subscription Agreement, the Intel Quartus Prime License Agreement,
the Intel FPGA IP License Agreement, or other applicable license
agreement, including, without limitation, that your use is for
the sole purpose of programming logic devices manufactured by
Intel and sold by Intel or its authorized distributors.  Please
refer to the applicable agreement for further details.



+-------------------------------------------------------------------------------+
; Analysis & Synthesis Summary                                                  ;
+---------------------------------+---------------------------------------------+
; Analysis & Synthesis Status     ; Successful - Thu Jul 09 08:17:05 2020       ;
; Quartus Prime Version           ; 18.1.0 Build 625 09/12/2018 SJ Lite Edition ;
; Revision Name                   ; rom                                         ;
; Top-level Entity Name           ; rom                                         ;
; Family                          ; Cyclone V                                   ;
; Logic utilization (in ALMs)     ; N/A                                         ;
; Total registers                 ; 0                                           ;
; Total pins                      ; 179                                         ;
; Total virtual pins              ; 0                                           ;
; Total block memory bits         ; 0                                           ;
; Total DSP Blocks                ; 0                                           ;
; Total HSSI RX PCSs              ; 0                                           ;
; Total HSSI PMA RX Deserializers ; 0                                           ;
; Total HSSI TX PCSs              ; 0                                           ;
; Total HSSI PMA TX Serializers   ; 0                                           ;
; Total PLLs                      ; 0                                           ;
; Total DLLs                      ; 0                                           ;
+---------------------------------+---------------------------------------------+


+---------------------------------------------------------------------------------------------------------------------------+
; Analysis & Synthesis Settings                                                                                             ;
+---------------------------------------------------------------------------------+--------------------+--------------------+
; Option                                                                          ; Setting            ; Default Value      ;
+---------------------------------------------------------------------------------+--------------------+--------------------+
; Device                                                                          ; 5CGXFC7C7F23C8     ;                    ;
; Top-level entity name                                                           ; rom                ; rom                ;
; Family name                                                                     ; Cyclone V          ; Cyclone V          ;
; Use smart compilation                                                           ; Off                ; Off                ;
; Enable parallel Assembler and Timing Analyzer during compilation                ; On                 ; On                 ;
; Enable compact report table                                                     ; Off                ; Off                ;
; Restructure Multiplexers                                                        ; Auto               ; Auto               ;
; MLAB Add Timing Constraints For Mixed-Port Feed-Through Mode Setting Don't Care ; Off                ; Off                ;
; Create Debugging Nodes for IP Cores                                             ; Off                ; Off                ;
; Preserve fewer node names                                                       ; On                 ; On                 ;
; Intel FPGA IP Evaluation Mode                                                   ; Enable             ; Enable             ;
; Verilog Version                                                                 ; Verilog_2001       ; Verilog_2001       ;
; VHDL Version                                                                    ; VHDL_1993          ; VHDL_1993          ;
; State Machine Processing                                                        ; Auto               ; Auto               ;
; Safe State Machine                                                              ; Off                ; Off                ;
; Extract Verilog State Machines                                                  ; On                 ; On                 ;
; Extract VHDL State Machines                                                     ; On                 ; On                 ;
; Ignore Verilog initial constructs                                               ; Off                ; Off                ;
; Iteration limit for constant Verilog loops                                      ; 5000               ; 5000               ;
; Iteration limit for non-constant Verilog loops                                  ; 250                ; 250                ;
; Add Pass-Through Logic to Inferred RAMs                                         ; On                 ; On                 ;
; Infer RAMs from Raw Logic                                                       ; On                 ; On                 ;
; Parallel Synthesis                                                              ; On                 ; On                 ;
; DSP Block Balancing                                                             ; Auto               ; Auto               ;
; NOT Gate Push-Back                                                              ; On                 ; On                 ;
; Power-Up Don't Care                                                             ; On                 ; On                 ;
; Remove Redundant Logic Cells                                                    ; Off                ; Off                ;
; Remove Duplicate Registers                                                      ; On                 ; On                 ;
; Ignore CARRY Buffers                                                            ; Off                ; Off                ;
; Ignore CASCADE Buffers                                                          ; Off                ; Off                ;
; Ignore GLOBAL Buffers                                                           ; Off                ; Off                ;
; Ignore ROW GLOBAL Buffers                                                       ; Off                ; Off                ;
; Ignore LCELL Buffers                                                            ; Off                ; Off                ;
; Ignore SOFT Buffers                                                             ; On                 ; On                 ;
; Limit AHDL Integers to 32 Bits                                                  ; Off                ; Off                ;
; Optimization Technique                                                          ; Balanced           ; Balanced           ;
; Carry Chain Length                                                              ; 70                 ; 70                 ;
; Auto Carry Chains                                                               ; On                 ; On                 ;
; Auto Open-Drain Pins                                                            ; On                 ; On                 ;
; Perform WYSIWYG Primitive Resynthesis                                           ; Off                ; Off                ;
; Auto ROM Replacement                                                            ; On                 ; On                 ;
; Auto RAM Replacement                                                            ; On                 ; On                 ;
; Auto DSP Block Replacement                                                      ; On                 ; On                 ;
; Auto Shift Register Replacement                                                 ; Auto               ; Auto               ;
; Allow Shift Register Merging across Hierarchies                                 ; Auto               ; Auto               ;
; Auto Clock Enable Replacement                                                   ; On                 ; On                 ;
; Strict RAM Replacement                                                          ; Off                ; Off                ;
; Allow Synchronous Control Signals                                               ; On                 ; On                 ;
; Force Use of Synchronous Clear Signals                                          ; Off                ; Off                ;
; Auto Resource Sharing                                                           ; Off                ; Off                ;
; Allow Any RAM Size For Recognition                                              ; Off                ; Off                ;
; Allow Any ROM Size For Recognition                                              ; Off                ; Off                ;
; Allow Any Shift Register Size For Recognition                                   ; Off                ; Off                ;
; Use LogicLock Constraints during Resource Balancing                             ; On                 ; On                 ;
; Ignore translate_off and synthesis_off directives                               ; Off                ; Off                ;
; Timing-Driven Synthesis                                                         ; On                 ; On                 ;
; Report Parameter Settings                                                       ; On                 ; On                 ;
; Report Source Assignments                                                       ; On                 ; On                 ;
; Report Connectivity Checks                                                      ; On                 ; On                 ;
; Ignore Maximum Fan-Out Assignments                                              ; Off                ; Off                ;
; Synchronization Register Chain Length                                           ; 3                  ; 3                  ;
; Power Optimization During Synthesis                                             ; Normal compilation ; Normal compilation ;
; HDL message level                                                               ; Level2             ; Level2             ;
; Suppress Register Optimization Related Messages                                 ; Off                ; Off                ;
; Number of Removed Registers Reported in Synthesis Report                        ; 5000               ; 5000               ;
; Number of Swept Nodes Reported in Synthesis Report                              ; 5000               ; 5000               ;
; Number of Inverted Registers Reported in Synthesis Report                       ; 100                ; 100                ;
; Clock MUX Protection                                                            ; On                 ; On                 ;
; Auto Gated Clock Conversion                                                     ; Off                ; Off                ;
; Block Design Naming                                                             ; Auto               ; Auto               ;
; SDC constraint protection                                                       ; Off                ; Off                ;
; Synthesis Effort                                                                ; Auto               ; Auto               ;
; Shift Register Replacement - Allow Asynchronous Clear Signal                    ; On                 ; On                 ;
; Pre-Mapping Resynthesis Optimization                                            ; Off                ; Off                ;
; Analysis & Synthesis Message Level                                              ; Medium             ; Medium             ;
; Disable Register Merging Across Hierarchies                                     ; Auto               ; Auto               ;
; Resource Aware Inference For Block RAM                                          ; On                 ; On                 ;
; Automatic Parallel Synthesis                                                    ; On                 ; On                 ;
; Partial Reconfiguration Bitstream ID                                            ; Off                ; Off                ;
+---------------------------------------------------------------------------------+--------------------+--------------------+


+------------------------------------------+
; Parallel Compilation                     ;
+----------------------------+-------------+
; Processors                 ; Number      ;
+----------------------------+-------------+
; Number detected on machine ; 4           ;
; Maximum allowed            ; 2           ;
;                            ;             ;
; Average used               ; 1.00        ;
; Maximum used               ; 1           ;
;                            ;             ;
; Usage by Processor         ; % Time Used ;
;     Processor 1            ; 100.0%      ;
+----------------------------+-------------+


+----------------------------------------------------------------------------------------------------------------------------------------+
; Analysis & Synthesis Source Files Read                                                                                                 ;
+----------------------------------+-----------------+------------------------------+------------------------------------------+---------+
; File Name with User-Entered Path ; Used in Netlist ; File Type                    ; File Name with Absolute Path             ; Library ;
+----------------------------------+-----------------+------------------------------+------------------------------------------+---------+
; rom.sv                           ; yes             ; User SystemVerilog HDL File  ; C:/Users/Franklin/Documents/Arqui/rom.sv ;         ;
+----------------------------------+-----------------+------------------------------+------------------------------------------+---------+


+--------------------------------------------------------+
; Analysis & Synthesis Resource Usage Summary            ;
+---------------------------------------------+----------+
; Resource                                    ; Usage    ;
+---------------------------------------------+----------+
; Estimate of Logic utilization (ALMs needed) ; 0        ;
;                                             ;          ;
; Combinational ALUT usage for logic          ; 0        ;
;     -- 7 input functions                    ; 0        ;
;     -- 6 input functions                    ; 0        ;
;     -- 5 input functions                    ; 0        ;
;     -- 4 input functions                    ; 0        ;
;     -- <=3 input functions                  ; 0        ;
;                                             ;          ;
; Dedicated logic registers                   ; 0        ;
;                                             ;          ;
; I/O pins                                    ; 179      ;
;                                             ;          ;
; Total DSP Blocks                            ; 0        ;
;                                             ;          ;
; Maximum fan-out node                        ; addr1[0] ;
; Maximum fan-out                             ; 1        ;
; Total fan-out                               ; 179      ;
; Average fan-out                             ; 0.50     ;
+---------------------------------------------+----------+


+----------------------------------------------------------------------------------------------------------------------------------------------------------------------------------------+
; Analysis & Synthesis Resource Utilization by Entity                                                                                                                                    ;
+----------------------------+---------------------+---------------------------+-------------------+------------+------+--------------+---------------------+-------------+--------------+
; Compilation Hierarchy Node ; Combinational ALUTs ; Dedicated Logic Registers ; Block Memory Bits ; DSP Blocks ; Pins ; Virtual Pins ; Full Hierarchy Name ; Entity Name ; Library Name ;
+----------------------------+---------------------+---------------------------+-------------------+------------+------+--------------+---------------------+-------------+--------------+
; |rom                       ; 0 (0)               ; 0 (0)                     ; 0                 ; 0          ; 179  ; 0            ; |rom                ; rom         ; work         ;
+----------------------------+---------------------+---------------------------+-------------------+------------+------+--------------+---------------------+-------------+--------------+
Note: For table entries with two numbers listed, the numbers in parentheses indicate the number of resources of the given type used by the specific entity alone. The numbers listed outside of parentheses indicate the total resources of the given type used by the specific entity and all of its sub-entities in the hierarchy.


+------------------------------------------------------+
; General Register Statistics                          ;
+----------------------------------------------+-------+
; Statistic                                    ; Value ;
+----------------------------------------------+-------+
; Total registers                              ; 0     ;
; Number of registers using Synchronous Clear  ; 0     ;
; Number of registers using Synchronous Load   ; 0     ;
; Number of registers using Asynchronous Clear ; 0     ;
; Number of registers using Asynchronous Load  ; 0     ;
; Number of registers using Clock Enable       ; 0     ;
; Number of registers using Preset             ; 0     ;
+----------------------------------------------+-------+


+---------------------------------------------------------------------+
; Parameter Settings for User Entity Instance: Top-level Entity: |rom ;
+----------------+-----------+----------------------------------------+
; Parameter Name ; Value     ; Type                                   ;
+----------------+-----------+----------------------------------------+
; file           ; image.txt ; String                                 ;
+----------------+-----------+----------------------------------------+
Note: In order to hide this table in the UI and the text report file, please set the "Show Parameter Settings in Synthesis Report" option in "Analysis and Synthesis Settings -> More Settings" to "Off".


+-----------------------------------------------------+
; Post-Synthesis Netlist Statistics for Top Partition ;
+-----------------------+-----------------------------+
; Type                  ; Count                       ;
+-----------------------+-----------------------------+
; arriav_lcell_comb     ; 1                           ;
;     normal            ; 1                           ;
;         0 data inputs ; 1                           ;
; boundary_port         ; 179                         ;
;                       ;                             ;
; Max LUT depth         ; 0.00                        ;
; Average LUT depth     ; 0.00                        ;
+-----------------------+-----------------------------+


+-------------------------------+
; Elapsed Time Per Partition    ;
+----------------+--------------+
; Partition Name ; Elapsed Time ;
+----------------+--------------+
; Top            ; 00:00:02     ;
+----------------+--------------+


+-------------------------------+
; Analysis & Synthesis Messages ;
+-------------------------------+
Info: *******************************************************************
Info: Running Quartus Prime Analysis & Synthesis
    Info: Version 18.1.0 Build 625 09/12/2018 SJ Lite Edition
    Info: Processing started: Thu Jul 09 08:13:02 2020
Info: Command: quartus_map --read_settings_files=on --write_settings_files=off rom -c rom
Warning (18236): Number of processors has not been specified which may cause overloading on shared machines.  Set the global assignment NUM_PARALLEL_PROCESSORS in your QSF to an appropriate value for best performance.
Info (20030): Parallel compilation is enabled and will use 2 of the 2 processors detected
Info (12021): Found 1 design units, including 1 entities, in source file rom.sv
    Info (12023): Found entity 1: rom File: C:/Users/Franklin/Documents/Arqui/rom.sv Line: 2
Info (12021): Found 1 design units, including 1 entities, in source file tb_rom.sv
    Info (12023): Found entity 1: tb_rom File: C:/Users/Franklin/Documents/Arqui/tb_rom.sv Line: 1
Info (12021): Found 1 design units, including 1 entities, in source file dram.sv
    Info (12023): Found entity 1: dmem File: C:/Users/Franklin/Documents/Arqui/dram.sv Line: 1
Info (12021): Found 1 design units, including 1 entities, in source file imem.sv
    Info (12023): Found entity 1: imem File: C:/Users/Franklin/Documents/Arqui/imem.sv Line: 1
Info (12021): Found 1 design units, including 1 entities, in source file tb_imem.sv
    Info (12023): Found entity 1: tb_imem File: C:/Users/Franklin/Documents/Arqui/tb_imem.sv Line: 1
Info (12021): Found 1 design units, including 1 entities, in source file dramimage.sv
    Info (12023): Found entity 1: dramImage File: C:/Users/Franklin/Documents/Arqui/dramImage.sv Line: 1
Info (12021): Found 1 design units, including 1 entities, in source file tb_dramimage.sv
    Info (12023): Found entity 1: tb_dramImage File: C:/Users/Franklin/Documents/Arqui/tb_dramImage.sv Line: 1
Info (12127): Elaborating entity "rom" for the top level hierarchy
Warning (10850): Verilog HDL warning at rom.sv(34): number of words (307200) in memory file does not match the number of elements in the address range [0:307200] File: C:/Users/Franklin/Documents/Arqui/rom.sv Line: 34
Warning (10855): Verilog HDL warning at rom.sv(33): initial value for variable rom should be constant File: C:/Users/Franklin/Documents/Arqui/rom.sv Line: 33
Warning (10030): Net "rom" at rom.sv(8) has no driver or initial value, using a default initial value '0' File: C:/Users/Franklin/Documents/Arqui/rom.sv Line: 8
Warning (13024): Output pins are stuck at VCC or GND
    Warning (13410): Pin "data1[0]" is stuck at GND File: C:/Users/Franklin/Documents/Arqui/rom.sv Line: 3
    Warning (13410): Pin "data1[1]" is stuck at GND File: C:/Users/Franklin/Documents/Arqui/rom.sv Line: 3
    Warning (13410): Pin "data1[2]" is stuck at GND File: C:/Users/Franklin/Documents/Arqui/rom.sv Line: 3
    Warning (13410): Pin "data1[3]" is stuck at GND File: C:/Users/Franklin/Documents/Arqui/rom.sv Line: 3
    Warning (13410): Pin "data1[4]" is stuck at GND File: C:/Users/Franklin/Documents/Arqui/rom.sv Line: 3
    Warning (13410): Pin "data1[5]" is stuck at GND File: C:/Users/Franklin/Documents/Arqui/rom.sv Line: 3
    Warning (13410): Pin "data1[6]" is stuck at GND File: C:/Users/Franklin/Documents/Arqui/rom.sv Line: 3
    Warning (13410): Pin "data1[7]" is stuck at GND File: C:/Users/Franklin/Documents/Arqui/rom.sv Line: 3
    Warning (13410): Pin "data1[8]" is stuck at GND File: C:/Users/Franklin/Documents/Arqui/rom.sv Line: 3
    Warning (13410): Pin "data1[9]" is stuck at GND File: C:/Users/Franklin/Documents/Arqui/rom.sv Line: 3
    Warning (13410): Pin "data1[10]" is stuck at GND File: C:/Users/Franklin/Documents/Arqui/rom.sv Line: 3
    Warning (13410): Pin "data1[11]" is stuck at GND File: C:/Users/Franklin/Documents/Arqui/rom.sv Line: 3
    Warning (13410): Pin "data1[12]" is stuck at GND File: C:/Users/Franklin/Documents/Arqui/rom.sv Line: 3
    Warning (13410): Pin "data1[13]" is stuck at GND File: C:/Users/Franklin/Documents/Arqui/rom.sv Line: 3
    Warning (13410): Pin "data1[14]" is stuck at GND File: C:/Users/Franklin/Documents/Arqui/rom.sv Line: 3
    Warning (13410): Pin "data1[15]" is stuck at GND File: C:/Users/Franklin/Documents/Arqui/rom.sv Line: 3
    Warning (13410): Pin "data2[0]" is stuck at GND File: C:/Users/Franklin/Documents/Arqui/rom.sv Line: 3
    Warning (13410): Pin "data2[1]" is stuck at GND File: C:/Users/Franklin/Documents/Arqui/rom.sv Line: 3
    Warning (13410): Pin "data2[2]" is stuck at GND File: C:/Users/Franklin/Documents/Arqui/rom.sv Line: 3
    Warning (13410): Pin "data2[3]" is stuck at GND File: C:/Users/Franklin/Documents/Arqui/rom.sv Line: 3
    Warning (13410): Pin "data2[4]" is stuck at GND File: C:/Users/Franklin/Documents/Arqui/rom.sv Line: 3
    Warning (13410): Pin "data2[5]" is stuck at GND File: C:/Users/Franklin/Documents/Arqui/rom.sv Line: 3
    Warning (13410): Pin "data2[6]" is stuck at GND File: C:/Users/Franklin/Documents/Arqui/rom.sv Line: 3
    Warning (13410): Pin "data2[7]" is stuck at GND File: C:/Users/Franklin/Documents/Arqui/rom.sv Line: 3
    Warning (13410): Pin "data2[8]" is stuck at GND File: C:/Users/Franklin/Documents/Arqui/rom.sv Line: 3
    Warning (13410): Pin "data2[9]" is stuck at GND File: C:/Users/Franklin/Documents/Arqui/rom.sv Line: 3
    Warning (13410): Pin "data2[10]" is stuck at GND File: C:/Users/Franklin/Documents/Arqui/rom.sv Line: 3
    Warning (13410): Pin "data2[11]" is stuck at GND File: C:/Users/Franklin/Documents/Arqui/rom.sv Line: 3
    Warning (13410): Pin "data2[12]" is stuck at GND File: C:/Users/Franklin/Documents/Arqui/rom.sv Line: 3
    Warning (13410): Pin "data2[13]" is stuck at GND File: C:/Users/Franklin/Documents/Arqui/rom.sv Line: 3
    Warning (13410): Pin "data2[14]" is stuck at GND File: C:/Users/Franklin/Documents/Arqui/rom.sv Line: 3
    Warning (13410): Pin "data2[15]" is stuck at GND File: C:/Users/Franklin/Documents/Arqui/rom.sv Line: 3
    Warning (13410): Pin "data3[0]" is stuck at GND File: C:/Users/Franklin/Documents/Arqui/rom.sv Line: 3
    Warning (13410): Pin "data3[1]" is stuck at GND File: C:/Users/Franklin/Documents/Arqui/rom.sv Line: 3
    Warning (13410): Pin "data3[2]" is stuck at GND File: C:/Users/Franklin/Documents/Arqui/rom.sv Line: 3
    Warning (13410): Pin "data3[3]" is stuck at GND File: C:/Users/Franklin/Documents/Arqui/rom.sv Line: 3
    Warning (13410): Pin "data3[4]" is stuck at GND File: C:/Users/Franklin/Documents/Arqui/rom.sv Line: 3
    Warning (13410): Pin "data3[5]" is stuck at GND File: C:/Users/Franklin/Documents/Arqui/rom.sv Line: 3
    Warning (13410): Pin "data3[6]" is stuck at GND File: C:/Users/Franklin/Documents/Arqui/rom.sv Line: 3
    Warning (13410): Pin "data3[7]" is stuck at GND File: C:/Users/Franklin/Documents/Arqui/rom.sv Line: 3
    Warning (13410): Pin "data3[8]" is stuck at GND File: C:/Users/Franklin/Documents/Arqui/rom.sv Line: 3
    Warning (13410): Pin "data3[9]" is stuck at GND File: C:/Users/Franklin/Documents/Arqui/rom.sv Line: 3
    Warning (13410): Pin "data3[10]" is stuck at GND File: C:/Users/Franklin/Documents/Arqui/rom.sv Line: 3
    Warning (13410): Pin "data3[11]" is stuck at GND File: C:/Users/Franklin/Documents/Arqui/rom.sv Line: 3
    Warning (13410): Pin "data3[12]" is stuck at GND File: C:/Users/Franklin/Documents/Arqui/rom.sv Line: 3
    Warning (13410): Pin "data3[13]" is stuck at GND File: C:/Users/Franklin/Documents/Arqui/rom.sv Line: 3
    Warning (13410): Pin "data3[14]" is stuck at GND File: C:/Users/Franklin/Documents/Arqui/rom.sv Line: 3
    Warning (13410): Pin "data3[15]" is stuck at GND File: C:/Users/Franklin/Documents/Arqui/rom.sv Line: 3
    Warning (13410): Pin "data4[0]" is stuck at GND File: C:/Users/Franklin/Documents/Arqui/rom.sv Line: 3
    Warning (13410): Pin "data4[1]" is stuck at GND File: C:/Users/Franklin/Documents/Arqui/rom.sv Line: 3
    Warning (13410): Pin "data4[2]" is stuck at GND File: C:/Users/Franklin/Documents/Arqui/rom.sv Line: 3
    Warning (13410): Pin "data4[3]" is stuck at GND File: C:/Users/Franklin/Documents/Arqui/rom.sv Line: 3
    Warning (13410): Pin "data4[4]" is stuck at GND File: C:/Users/Franklin/Documents/Arqui/rom.sv Line: 3
    Warning (13410): Pin "data4[5]" is stuck at GND File: C:/Users/Franklin/Documents/Arqui/rom.sv Line: 3
    Warning (13410): Pin "data4[6]" is stuck at GND File: C:/Users/Franklin/Documents/Arqui/rom.sv Line: 3
    Warning (13410): Pin "data4[7]" is stuck at GND File: C:/Users/Franklin/Documents/Arqui/rom.sv Line: 3
    Warning (13410): Pin "data4[8]" is stuck at GND File: C:/Users/Franklin/Documents/Arqui/rom.sv Line: 3
    Warning (13410): Pin "data4[9]" is stuck at GND File: C:/Users/Franklin/Documents/Arqui/rom.sv Line: 3
    Warning (13410): Pin "data4[10]" is stuck at GND File: C:/Users/Franklin/Documents/Arqui/rom.sv Line: 3
    Warning (13410): Pin "data4[11]" is stuck at GND File: C:/Users/Franklin/Documents/Arqui/rom.sv Line: 3
    Warning (13410): Pin "data4[12]" is stuck at GND File: C:/Users/Franklin/Documents/Arqui/rom.sv Line: 3
    Warning (13410): Pin "data4[13]" is stuck at GND File: C:/Users/Franklin/Documents/Arqui/rom.sv Line: 3
    Warning (13410): Pin "data4[14]" is stuck at GND File: C:/Users/Franklin/Documents/Arqui/rom.sv Line: 3
    Warning (13410): Pin "data4[15]" is stuck at GND File: C:/Users/Franklin/Documents/Arqui/rom.sv Line: 3
    Warning (13410): Pin "data5[0]" is stuck at GND File: C:/Users/Franklin/Documents/Arqui/rom.sv Line: 3
    Warning (13410): Pin "data5[1]" is stuck at GND File: C:/Users/Franklin/Documents/Arqui/rom.sv Line: 3
    Warning (13410): Pin "data5[2]" is stuck at GND File: C:/Users/Franklin/Documents/Arqui/rom.sv Line: 3
    Warning (13410): Pin "data5[3]" is stuck at GND File: C:/Users/Franklin/Documents/Arqui/rom.sv Line: 3
    Warning (13410): Pin "data5[4]" is stuck at GND File: C:/Users/Franklin/Documents/Arqui/rom.sv Line: 3
    Warning (13410): Pin "data5[5]" is stuck at GND File: C:/Users/Franklin/Documents/Arqui/rom.sv Line: 3
    Warning (13410): Pin "data5[6]" is stuck at GND File: C:/Users/Franklin/Documents/Arqui/rom.sv Line: 3
    Warning (13410): Pin "data5[7]" is stuck at GND File: C:/Users/Franklin/Documents/Arqui/rom.sv Line: 3
    Warning (13410): Pin "data5[8]" is stuck at GND File: C:/Users/Franklin/Documents/Arqui/rom.sv Line: 3
    Warning (13410): Pin "data5[9]" is stuck at GND File: C:/Users/Franklin/Documents/Arqui/rom.sv Line: 3
    Warning (13410): Pin "data5[10]" is stuck at GND File: C:/Users/Franklin/Documents/Arqui/rom.sv Line: 3
    Warning (13410): Pin "data5[11]" is stuck at GND File: C:/Users/Franklin/Documents/Arqui/rom.sv Line: 3
    Warning (13410): Pin "data5[12]" is stuck at GND File: C:/Users/Franklin/Documents/Arqui/rom.sv Line: 3
    Warning (13410): Pin "data5[13]" is stuck at GND File: C:/Users/Franklin/Documents/Arqui/rom.sv Line: 3
    Warning (13410): Pin "data5[14]" is stuck at GND File: C:/Users/Franklin/Documents/Arqui/rom.sv Line: 3
    Warning (13410): Pin "data5[15]" is stuck at GND File: C:/Users/Franklin/Documents/Arqui/rom.sv Line: 3
    Warning (13410): Pin "data6[0]" is stuck at GND File: C:/Users/Franklin/Documents/Arqui/rom.sv Line: 3
    Warning (13410): Pin "data6[1]" is stuck at GND File: C:/Users/Franklin/Documents/Arqui/rom.sv Line: 3
    Warning (13410): Pin "data6[2]" is stuck at GND File: C:/Users/Franklin/Documents/Arqui/rom.sv Line: 3
    Warning (13410): Pin "data6[3]" is stuck at GND File: C:/Users/Franklin/Documents/Arqui/rom.sv Line: 3
    Warning (13410): Pin "data6[4]" is stuck at GND File: C:/Users/Franklin/Documents/Arqui/rom.sv Line: 3
    Warning (13410): Pin "data6[5]" is stuck at GND File: C:/Users/Franklin/Documents/Arqui/rom.sv Line: 3
    Warning (13410): Pin "data6[6]" is stuck at GND File: C:/Users/Franklin/Documents/Arqui/rom.sv Line: 3
    Warning (13410): Pin "data6[7]" is stuck at GND File: C:/Users/Franklin/Documents/Arqui/rom.sv Line: 3
    Warning (13410): Pin "data6[8]" is stuck at GND File: C:/Users/Franklin/Documents/Arqui/rom.sv Line: 3
    Warning (13410): Pin "data6[9]" is stuck at GND File: C:/Users/Franklin/Documents/Arqui/rom.sv Line: 3
    Warning (13410): Pin "data6[10]" is stuck at GND File: C:/Users/Franklin/Documents/Arqui/rom.sv Line: 3
    Warning (13410): Pin "data6[11]" is stuck at GND File: C:/Users/Franklin/Documents/Arqui/rom.sv Line: 3
    Warning (13410): Pin "data6[12]" is stuck at GND File: C:/Users/Franklin/Documents/Arqui/rom.sv Line: 3
    Warning (13410): Pin "data6[13]" is stuck at GND File: C:/Users/Franklin/Documents/Arqui/rom.sv Line: 3
    Warning (13410): Pin "data6[14]" is stuck at GND File: C:/Users/Franklin/Documents/Arqui/rom.sv Line: 3
    Warning (13410): Pin "data6[15]" is stuck at GND File: C:/Users/Franklin/Documents/Arqui/rom.sv Line: 3
    Warning (13410): Pin "data7[0]" is stuck at GND File: C:/Users/Franklin/Documents/Arqui/rom.sv Line: 3
    Warning (13410): Pin "data7[1]" is stuck at GND File: C:/Users/Franklin/Documents/Arqui/rom.sv Line: 3
    Warning (13410): Pin "data7[2]" is stuck at GND File: C:/Users/Franklin/Documents/Arqui/rom.sv Line: 3
    Warning (13410): Pin "data7[3]" is stuck at GND File: C:/Users/Franklin/Documents/Arqui/rom.sv Line: 3
    Warning (13410): Pin "data7[4]" is stuck at GND File: C:/Users/Franklin/Documents/Arqui/rom.sv Line: 3
    Warning (13410): Pin "data7[5]" is stuck at GND File: C:/Users/Franklin/Documents/Arqui/rom.sv Line: 3
    Warning (13410): Pin "data7[6]" is stuck at GND File: C:/Users/Franklin/Documents/Arqui/rom.sv Line: 3
    Warning (13410): Pin "data7[7]" is stuck at GND File: C:/Users/Franklin/Documents/Arqui/rom.sv Line: 3
    Warning (13410): Pin "data7[8]" is stuck at GND File: C:/Users/Franklin/Documents/Arqui/rom.sv Line: 3
    Warning (13410): Pin "data7[9]" is stuck at GND File: C:/Users/Franklin/Documents/Arqui/rom.sv Line: 3
    Warning (13410): Pin "data7[10]" is stuck at GND File: C:/Users/Franklin/Documents/Arqui/rom.sv Line: 3
    Warning (13410): Pin "data7[11]" is stuck at GND File: C:/Users/Franklin/Documents/Arqui/rom.sv Line: 3
    Warning (13410): Pin "data7[12]" is stuck at GND File: C:/Users/Franklin/Documents/Arqui/rom.sv Line: 3
    Warning (13410): Pin "data7[13]" is stuck at GND File: C:/Users/Franklin/Documents/Arqui/rom.sv Line: 3
    Warning (13410): Pin "data7[14]" is stuck at GND File: C:/Users/Franklin/Documents/Arqui/rom.sv Line: 3
    Warning (13410): Pin "data7[15]" is stuck at GND File: C:/Users/Franklin/Documents/Arqui/rom.sv Line: 3
    Warning (13410): Pin "data8[0]" is stuck at GND File: C:/Users/Franklin/Documents/Arqui/rom.sv Line: 3
    Warning (13410): Pin "data8[1]" is stuck at GND File: C:/Users/Franklin/Documents/Arqui/rom.sv Line: 3
    Warning (13410): Pin "data8[2]" is stuck at GND File: C:/Users/Franklin/Documents/Arqui/rom.sv Line: 3
    Warning (13410): Pin "data8[3]" is stuck at GND File: C:/Users/Franklin/Documents/Arqui/rom.sv Line: 3
    Warning (13410): Pin "data8[4]" is stuck at GND File: C:/Users/Franklin/Documents/Arqui/rom.sv Line: 3
    Warning (13410): Pin "data8[5]" is stuck at GND File: C:/Users/Franklin/Documents/Arqui/rom.sv Line: 3
    Warning (13410): Pin "data8[6]" is stuck at GND File: C:/Users/Franklin/Documents/Arqui/rom.sv Line: 3
    Warning (13410): Pin "data8[7]" is stuck at GND File: C:/Users/Franklin/Documents/Arqui/rom.sv Line: 3
    Warning (13410): Pin "data8[8]" is stuck at GND File: C:/Users/Franklin/Documents/Arqui/rom.sv Line: 3
    Warning (13410): Pin "data8[9]" is stuck at GND File: C:/Users/Franklin/Documents/Arqui/rom.sv Line: 3
    Warning (13410): Pin "data8[10]" is stuck at GND File: C:/Users/Franklin/Documents/Arqui/rom.sv Line: 3
    Warning (13410): Pin "data8[11]" is stuck at GND File: C:/Users/Franklin/Documents/Arqui/rom.sv Line: 3
    Warning (13410): Pin "data8[12]" is stuck at GND File: C:/Users/Franklin/Documents/Arqui/rom.sv Line: 3
    Warning (13410): Pin "data8[13]" is stuck at GND File: C:/Users/Franklin/Documents/Arqui/rom.sv Line: 3
    Warning (13410): Pin "data8[14]" is stuck at GND File: C:/Users/Franklin/Documents/Arqui/rom.sv Line: 3
    Warning (13410): Pin "data8[15]" is stuck at GND File: C:/Users/Franklin/Documents/Arqui/rom.sv Line: 3
    Warning (13410): Pin "data9[0]" is stuck at GND File: C:/Users/Franklin/Documents/Arqui/rom.sv Line: 3
    Warning (13410): Pin "data9[1]" is stuck at GND File: C:/Users/Franklin/Documents/Arqui/rom.sv Line: 3
    Warning (13410): Pin "data9[2]" is stuck at GND File: C:/Users/Franklin/Documents/Arqui/rom.sv Line: 3
    Warning (13410): Pin "data9[3]" is stuck at GND File: C:/Users/Franklin/Documents/Arqui/rom.sv Line: 3
    Warning (13410): Pin "data9[4]" is stuck at GND File: C:/Users/Franklin/Documents/Arqui/rom.sv Line: 3
    Warning (13410): Pin "data9[5]" is stuck at GND File: C:/Users/Franklin/Documents/Arqui/rom.sv Line: 3
    Warning (13410): Pin "data9[6]" is stuck at GND File: C:/Users/Franklin/Documents/Arqui/rom.sv Line: 3
    Warning (13410): Pin "data9[7]" is stuck at GND File: C:/Users/Franklin/Documents/Arqui/rom.sv Line: 3
    Warning (13410): Pin "data9[8]" is stuck at GND File: C:/Users/Franklin/Documents/Arqui/rom.sv Line: 3
    Warning (13410): Pin "data9[9]" is stuck at GND File: C:/Users/Franklin/Documents/Arqui/rom.sv Line: 3
    Warning (13410): Pin "data9[10]" is stuck at GND File: C:/Users/Franklin/Documents/Arqui/rom.sv Line: 3
    Warning (13410): Pin "data9[11]" is stuck at GND File: C:/Users/Franklin/Documents/Arqui/rom.sv Line: 3
    Warning (13410): Pin "data9[12]" is stuck at GND File: C:/Users/Franklin/Documents/Arqui/rom.sv Line: 3
    Warning (13410): Pin "data9[13]" is stuck at GND File: C:/Users/Franklin/Documents/Arqui/rom.sv Line: 3
    Warning (13410): Pin "data9[14]" is stuck at GND File: C:/Users/Franklin/Documents/Arqui/rom.sv Line: 3
    Warning (13410): Pin "data9[15]" is stuck at GND File: C:/Users/Franklin/Documents/Arqui/rom.sv Line: 3
    Warning (13410): Pin "data10[0]" is stuck at GND File: C:/Users/Franklin/Documents/Arqui/rom.sv Line: 3
    Warning (13410): Pin "data10[1]" is stuck at GND File: C:/Users/Franklin/Documents/Arqui/rom.sv Line: 3
    Warning (13410): Pin "data10[2]" is stuck at GND File: C:/Users/Franklin/Documents/Arqui/rom.sv Line: 3
    Warning (13410): Pin "data10[3]" is stuck at GND File: C:/Users/Franklin/Documents/Arqui/rom.sv Line: 3
    Warning (13410): Pin "data10[4]" is stuck at GND File: C:/Users/Franklin/Documents/Arqui/rom.sv Line: 3
    Warning (13410): Pin "data10[5]" is stuck at GND File: C:/Users/Franklin/Documents/Arqui/rom.sv Line: 3
    Warning (13410): Pin "data10[6]" is stuck at GND File: C:/Users/Franklin/Documents/Arqui/rom.sv Line: 3
    Warning (13410): Pin "data10[7]" is stuck at GND File: C:/Users/Franklin/Documents/Arqui/rom.sv Line: 3
    Warning (13410): Pin "data10[8]" is stuck at GND File: C:/Users/Franklin/Documents/Arqui/rom.sv Line: 3
    Warning (13410): Pin "data10[9]" is stuck at GND File: C:/Users/Franklin/Documents/Arqui/rom.sv Line: 3
    Warning (13410): Pin "data10[10]" is stuck at GND File: C:/Users/Franklin/Documents/Arqui/rom.sv Line: 3
    Warning (13410): Pin "data10[11]" is stuck at GND File: C:/Users/Franklin/Documents/Arqui/rom.sv Line: 3
    Warning (13410): Pin "data10[12]" is stuck at GND File: C:/Users/Franklin/Documents/Arqui/rom.sv Line: 3
    Warning (13410): Pin "data10[13]" is stuck at GND File: C:/Users/Franklin/Documents/Arqui/rom.sv Line: 3
    Warning (13410): Pin "data10[14]" is stuck at GND File: C:/Users/Franklin/Documents/Arqui/rom.sv Line: 3
    Warning (13410): Pin "data10[15]" is stuck at GND File: C:/Users/Franklin/Documents/Arqui/rom.sv Line: 3
Info (16010): Generating hard_block partition "hard_block:auto_generated_inst"
    Info (16011): Adding 0 node(s), including 0 DDIO, 0 PLL, 0 transceiver and 0 LCELL
Warning (21074): Design contains 19 input pin(s) that do not drive logic
    Warning (15610): No output dependent on input pin "addr1[0]" File: C:/Users/Franklin/Documents/Arqui/rom.sv Line: 2
    Warning (15610): No output dependent on input pin "addr1[1]" File: C:/Users/Franklin/Documents/Arqui/rom.sv Line: 2
    Warning (15610): No output dependent on input pin "addr1[2]" File: C:/Users/Franklin/Documents/Arqui/rom.sv Line: 2
    Warning (15610): No output dependent on input pin "addr1[3]" File: C:/Users/Franklin/Documents/Arqui/rom.sv Line: 2
    Warning (15610): No output dependent on input pin "addr1[4]" File: C:/Users/Franklin/Documents/Arqui/rom.sv Line: 2
    Warning (15610): No output dependent on input pin "addr1[5]" File: C:/Users/Franklin/Documents/Arqui/rom.sv Line: 2
    Warning (15610): No output dependent on input pin "addr1[6]" File: C:/Users/Franklin/Documents/Arqui/rom.sv Line: 2
    Warning (15610): No output dependent on input pin "addr1[7]" File: C:/Users/Franklin/Documents/Arqui/rom.sv Line: 2
    Warning (15610): No output dependent on input pin "addr1[8]" File: C:/Users/Franklin/Documents/Arqui/rom.sv Line: 2
    Warning (15610): No output dependent on input pin "addr1[9]" File: C:/Users/Franklin/Documents/Arqui/rom.sv Line: 2
    Warning (15610): No output dependent on input pin "addr1[10]" File: C:/Users/Franklin/Documents/Arqui/rom.sv Line: 2
    Warning (15610): No output dependent on input pin "addr1[11]" File: C:/Users/Franklin/Documents/Arqui/rom.sv Line: 2
    Warning (15610): No output dependent on input pin "addr1[12]" File: C:/Users/Franklin/Documents/Arqui/rom.sv Line: 2
    Warning (15610): No output dependent on input pin "addr1[13]" File: C:/Users/Franklin/Documents/Arqui/rom.sv Line: 2
    Warning (15610): No output dependent on input pin "addr1[14]" File: C:/Users/Franklin/Documents/Arqui/rom.sv Line: 2
    Warning (15610): No output dependent on input pin "addr1[15]" File: C:/Users/Franklin/Documents/Arqui/rom.sv Line: 2
    Warning (15610): No output dependent on input pin "addr1[16]" File: C:/Users/Franklin/Documents/Arqui/rom.sv Line: 2
    Warning (15610): No output dependent on input pin "addr1[17]" File: C:/Users/Franklin/Documents/Arqui/rom.sv Line: 2
    Warning (15610): No output dependent on input pin "addr1[18]" File: C:/Users/Franklin/Documents/Arqui/rom.sv Line: 2
Info (21057): Implemented 179 device resources after synthesis - the final resource count might be different
    Info (21058): Implemented 19 input pins
    Info (21059): Implemented 160 output pins
Info: Quartus Prime Analysis & Synthesis was successful. 0 errors, 185 warnings
    Info: Peak virtual memory: 9475 megabytes
    Info: Processing ended: Thu Jul 09 08:17:05 2020
    Info: Elapsed time: 00:04:03
    Info: Total CPU time (on all processors): 00:04:12


